2025-11-08 16:39:04,127 - INFO - 🚀 Scraper started.
2025-11-08 16:39:04,160 - INFO - Scraping page 1 ...
2025-11-08 16:39:07,411 - INFO - Page 1 done. Waiting before next page...
2025-11-08 16:39:07,411 - INFO - Scraping page 2 ...
2025-11-08 16:39:09,531 - INFO - Page 2 done. Waiting before next page...
2025-11-08 16:39:09,531 - INFO - Scraping page 3 ...
2025-11-08 16:39:12,375 - INFO - Page 3 done. Waiting before next page...
2025-11-08 16:39:12,375 - INFO - Scraping page 4 ...
2025-11-08 16:39:14,989 - INFO - Page 4 done. Waiting before next page...
2025-11-08 16:39:14,990 - INFO - Scraping page 5 ...
2025-11-08 16:39:17,653 - INFO - Page 5 done. Waiting before next page...
2025-11-08 16:39:17,653 - INFO - Scraping page 6 ...
2025-11-08 16:39:20,317 - INFO - Page 6 done. Waiting before next page...
2025-11-08 16:39:20,317 - INFO - Scraping page 7 ...
2025-11-08 16:39:23,500 - INFO - Page 7 done. Waiting before next page...
2025-11-08 16:39:23,501 - INFO - Scraping page 8 ...
2025-11-08 16:39:26,429 - INFO - Page 8 done. Waiting before next page...
2025-11-08 16:39:26,429 - INFO - Scraping page 9 ...
2025-11-08 16:39:28,897 - INFO - Page 9 done. Waiting before next page...
2025-11-08 16:39:28,938 - INFO - ✅ CSV file saved as Deodap_bestseller2025-11-08.csv
2025-11-08 16:39:29,041 - INFO - ✅ JSON file saved as Deodap_bestseller2025-11-08.json
2025-11-08 16:39:32,573 - INFO - ✅ Excel file saved as deodap_bestseller.xlsx
2025-11-08 16:39:32,574 - INFO - 🏁 Scraper finished successfully.
